<?xml version="1.0" encoding="UTF-8"?>
<testsuite name="com.tim.one.stp.collabotator.OrdenPagoAdapterTest" tests="1" skipped="0" failures="0" errors="0" timestamp="2014-11-19T16:27:31" hostname="josdem-Inspiron-5420" time="0.0">
  <properties/>
  <testcase name="shouldAdaptOrdenPago" classname="com.tim.one.stp.collabotator.OrdenPagoAdapterTest" time="0.0"/>
  <system-out><![CDATA[]]></system-out>
  <system-err><![CDATA[]]></system-err>
</testsuite>
