<?xml version="1.0" encoding="UTF-8"?>
<testsuite name="com.tim.one.stp.collabotator.TestClabeValidatorCollaborator" tests="4" skipped="0" failures="0" errors="0" timestamp="2014-11-19T16:27:31" hostname="josdem-Inspiron-5420" time="0.009">
  <properties/>
  <testcase name="shouldKnowIsValidB" classname="com.tim.one.stp.collabotator.TestClabeValidatorCollaborator" time="0.002"/>
  <testcase name="shouldKnowIsNotValidA" classname="com.tim.one.stp.collabotator.TestClabeValidatorCollaborator" time="0.002"/>
  <testcase name="shouldKnowIsNotValidB" classname="com.tim.one.stp.collabotator.TestClabeValidatorCollaborator" time="0.001"/>
  <testcase name="shouldKnowIsValidA" classname="com.tim.one.stp.collabotator.TestClabeValidatorCollaborator" time="0.002"/>
  <system-out><![CDATA[]]></system-out>
  <system-err><![CDATA[]]></system-err>
</testsuite>
