<?xml version="1.0" encoding="UTF-8"?>
<testsuite name="com.tim.one.stp.validator.TestClabeValidator" tests="4" skipped="0" failures="0" errors="0" timestamp="2014-11-19T16:27:31" hostname="josdem-Inspiron-5420" time="0.158">
  <properties/>
  <testcase name="shouldKnowIsNotValidDueToIsNotNumeric" classname="com.tim.one.stp.validator.TestClabeValidator" time="0.149"/>
  <testcase name="shouldKnowIsNotValidDueToLenght" classname="com.tim.one.stp.validator.TestClabeValidator" time="0.002"/>
  <testcase name="shouldKnowIsNotValidDueToIsNotVerified" classname="com.tim.one.stp.validator.TestClabeValidator" time="0.003"/>
  <testcase name="shouldKnowIsValid" classname="com.tim.one.stp.validator.TestClabeValidator" time="0.003"/>
  <system-out><![CDATA[]]></system-out>
  <system-err><![CDATA[]]></system-err>
</testsuite>
