<?xml version="1.0" encoding="UTF-8"?>
<testsuite name="com.tim.one.stp.util.TestSTPUtil" tests="1" skipped="0" failures="0" errors="0" timestamp="2014-11-19T16:27:31" hostname="josdem-Inspiron-5420" time="0.002">
  <properties/>
  <testcase name="shouldGetReferenciaNumerica" classname="com.tim.one.stp.util.TestSTPUtil" time="0.002"/>
  <system-out><![CDATA[]]></system-out>
  <system-err><![CDATA[]]></system-err>
</testsuite>
