<?xml version="1.0" encoding="UTF-8"?>
<testsuite name="com.tim.one.stp.service.TestSTPService" tests="3" skipped="0" failures="0" errors="0" timestamp="2014-11-19T16:27:31" hostname="josdem-Inspiron-5420" time="0.168">
  <properties/>
  <testcase name="shouldRegistraOrden" classname="com.tim.one.stp.service.TestSTPService" time="0.151"/>
  <testcase name="shouldNotRegistraOrdenDueToSTPError" classname="com.tim.one.stp.service.TestSTPService" time="0.01"/>
  <testcase name="shouldNotRegistraOrdenDueToMalformedUrl" classname="com.tim.one.stp.service.TestSTPService" time="0.007"/>
  <system-out><![CDATA[]]></system-out>
  <system-err><![CDATA[log4j:WARN No appenders could be found for logger (com.tim.one.stp.service.impl.STPServiceImpl).
log4j:WARN Please initialize the log4j system properly.
log4j:WARN See http://logging.apache.org/log4j/1.2/faq.html#noconfig for more info.
]]></system-err>
</testsuite>
