<?xml version="1.0" encoding="UTF-8"?>
<testsuite name="com.tim.one.stp.collabotator.TestClabeDigitValidatorCollaborator" tests="2" skipped="0" failures="0" errors="0" timestamp="2014-11-19T16:27:32" hostname="josdem-Inspiron-5420" time="0.0">
  <properties/>
  <testcase name="shouldKnowClabeDigitB" classname="com.tim.one.stp.collabotator.TestClabeDigitValidatorCollaborator" time="0.0"/>
  <testcase name="shouldKnowClabeDigitA" classname="com.tim.one.stp.collabotator.TestClabeDigitValidatorCollaborator" time="0.0"/>
  <system-out><![CDATA[]]></system-out>
  <system-err><![CDATA[]]></system-err>
</testsuite>
