<?xml version="1.0" encoding="UTF-8"?>
<testsuite name="com.tim.one.paypal.service.TestPaypalService" tests="5" skipped="0" failures="0" errors="0" timestamp="2014-11-19T16:27:29" hostname="josdem-Inspiron-5420" time="0.315">
  <properties/>
  <testcase name="shouldStartPayment" classname="com.tim.one.paypal.service.TestPaypalService" time="0.255"/>
  <testcase name="shouldNotStartPaymentDueToPaypalRestException" classname="com.tim.one.paypal.service.TestPaypalService" time="0.024"/>
  <testcase name="shouldNotStartPaymentDueToApprovalLinkException" classname="com.tim.one.paypal.service.TestPaypalService" time="0.013"/>
  <testcase name="shouldCompletePayment" classname="com.tim.one.paypal.service.TestPaypalService" time="0.011"/>
  <testcase name="shouldNotCompletePaymentDueToPayPalRESTException" classname="com.tim.one.paypal.service.TestPaypalService" time="0.009"/>
  <system-out><![CDATA[]]></system-out>
  <system-err><![CDATA[log4j:WARN No appenders could be found for logger (com.tim.one.paypal.service.impl.PaypalServiceImpl).
log4j:WARN Please initialize the log4j system properly.
log4j:WARN See http://logging.apache.org/log4j/1.2/faq.html#noconfig for more info.
]]></system-err>
</testsuite>
